Loading net ... done.
Loading additional file 'sumo/additional/bus_stops.add.xml'  ... done.
Skipped until: 0.00
Reading up to time step: 0.00
Reading up to time step: 200.00
Edge '105735_rev' not connected to edge '105653_rev' for vehicle 'flow_68X_inbound.0'.
Edge '105653_rev' not connected to edge '106831_rev' for vehicle 'flow_68X_inbound.0'.
Edge '106831_rev' not connected to edge '105817' for vehicle 'flow_68X_inbound.0'.
Edge '105817' not connected to edge '106985_rev' for vehicle 'flow_68X_inbound.0'.
Edge '106985_rev' not connected to edge '106073' for vehicle 'flow_68X_inbound.0'.
Edge '106073' not connected to edge '105786_rev' for vehicle 'flow_68X_inbound.0'.
Edge '105786_rev' not connected to edge '105335_rev' for vehicle 'flow_68X_inbound.0'.
Edge '105335_rev' not connected to edge '107083' for vehicle 'flow_68X_inbound.0'.
Edge '107083' not connected to edge '106580' for vehicle 'flow_68X_inbound.0'.
Edge '106580' not connected to edge '107087' for vehicle 'flow_68X_inbound.0'.
Edge '107087' not connected to edge '272309' for vehicle 'flow_68X_inbound.0'.
Edge '272309' not connected to edge '115789' for vehicle 'flow_68X_inbound.0'.
Edge '115789' not connected to edge '8044' for vehicle 'flow_68X_inbound.0'.
Edge '8044' not connected to edge '9934' for vehicle 'flow_68X_inbound.0'.
Edge '9934' not connected to edge '93721_rev' for vehicle 'flow_68X_inbound.0'.
Edge '93721_rev' not connected to edge '93499' for vehicle 'flow_68X_inbound.0'.
Edge '93499' not connected to edge '95989' for vehicle 'flow_68X_inbound.0'.
Edge '95989' not connected to edge '95503_rev' for vehicle 'flow_68X_inbound.0'.
Edge '95503_rev' not connected to edge '95598' for vehicle 'flow_68X_inbound.0'.
Edge '95598' not connected to edge '95600' for vehicle 'flow_68X_inbound.0'.
Edge '95600' not connected to edge '95649' for vehicle 'flow_68X_inbound.0'.
Edge '95649' not connected to edge '95649' for vehicle 'flow_68X_inbound.0'.
Edge '95649' not connected to edge '97153_rev' for vehicle 'flow_68X_inbound.0'.
Edge '97153_rev' not connected to edge '96253' for vehicle 'flow_68X_inbound.0'.
Error: No connection between edge '97153_rev' and edge '96253' found.
Error: Mandatory edge '96253' not reachable by vehicle 'flow_68X_inbound.0'.
Error: The vehicle 'flow_68X_inbound.0' has no valid route.
Edge '260430' not connected to edge '260430' for vehicle 'flow_68X_outbound.0'.
Edge '260430' not connected to edge '97403' for vehicle 'flow_68X_outbound.0'.
Edge '97403' not connected to edge '96300' for vehicle 'flow_68X_outbound.0'.
Error: No connection between edge '97403' and edge '96300' found.
Error: Mandatory edge '96300' not reachable by vehicle 'flow_68X_outbound.0'.
Error: The vehicle 'flow_68X_outbound.0' has no valid route.
Edge '4287_rev' not connected to edge '5291' for vehicle 'flow_960_inbound.0'.
Edge '5291' not connected to edge '5291' for vehicle 'flow_960_inbound.0'.
Edge '5291' not connected to edge '2731' for vehicle 'flow_960_inbound.0'.
Edge '2731' not connected to edge '4939' for vehicle 'flow_960_inbound.0'.
Edge '4939' not connected to edge '165041' for vehicle 'flow_960_inbound.0'.
Edge '165041' not connected to edge '1305' for vehicle 'flow_960_inbound.0'.
Edge '1305' not connected to edge '115546' for vehicle 'flow_960_inbound.0'.
Edge '115546' not connected to edge '4833' for vehicle 'flow_960_inbound.0'.
Error: No connection between edge '115546' and edge '4833' found.
Error: Mandatory edge '4833' not reachable by vehicle 'flow_960_inbound.0'.
Error: The vehicle 'flow_960_inbound.0' has no valid route.
Edge '266384' not connected to edge '266384' for vehicle 'flow_960_outbound.0'.
Edge '266384' not connected to edge '94236_rev' for vehicle 'flow_960_outbound.0'.
Edge '94236_rev' not connected to edge '94664_rev' for vehicle 'flow_960_outbound.0'.
Edge '94664_rev' not connected to edge '94266' for vehicle 'flow_960_outbound.0'.
Edge '94266' not connected to edge '94642' for vehicle 'flow_960_outbound.0'.
Error: No connection between edge '94266' and edge '94642' found.
Error: Mandatory edge '94642' not reachable by vehicle 'flow_960_outbound.0'.
Error: The vehicle 'flow_960_outbound.0' has no valid route.
Routes found between time steps 0.00 and 0.00.
DijkstraRouter answered 40 queries and explored 1796.50 edges on average.
DijkstraRouter spent 0.04s answering queries (1.10ms on average).
Quitting (on error).
