Warning: Ambiguity in turnarounds computation at junction '10004'.
Warning: Ambiguity in turnarounds computation at junction '10078'.
Warning: Ambiguity in turnarounds computation at junction '10134'.
Warning: Ambiguity in turnarounds computation at junction '1019'.
Warning: Ambiguity in turnarounds computation at junction '1021'.
Error: Could not insert connection between '105734' and '105735_rev' after build.
Error: Could not insert connection between '106831_rev' and '105734' after build.
Error: Could not insert connection between '106831_rev' and '105817' after build.
Error: Could not insert connection between '106944_rev' and '2468_rev' after build.
Error: Could not insert connection between '115546' and '4833' after build.
Error: Could not insert connection between '121514_rev' and '95208' after build.
Error: Could not insert connection between '142955' and '96285' after build.
Error: Could not insert connection between '142955' and '97070' after build.
Error: Could not insert connection between '260430' and '97403' after build.
Error: Could not insert connection between '272309' and '115789' after build.
Error: Could not insert connection between '3895' and '4287_rev' after build.
Error: Could not insert connection between '5291' and '2731' after build.
Error: Could not insert connection between '8000_rev' and '106606' after build.
Error: Could not insert connection between '94236_rev' and '94664_rev' after build.
Error: Could not insert connection between '94266' and '94642' after build.
Error: Could not insert connection between '94266' and '94664_rev' after build.
Error: Could not insert connection between '94457' and '94968_rev' after build.
Error: Could not insert connection between '94457' and '97018' after build.
Error: Could not insert connection between '94642' and '94266' after build.
Error: Could not insert connection between '94664_rev' and '266384' after build.
Error: Could not insert connection between '94664_rev' and '94266' after build.
Error: Could not insert connection between '94947_rev' and '142955' after build.
Error: Could not insert connection between '95208' and '96999' after build.
Error: Could not insert connection between '95598' and '95592' after build.
Error: Could not insert connection between '95598' and '95600' after build.
Error: Could not insert connection between '96253' and '96273_rev' after build.
Error: Could not insert connection between '96285' and '260430' after build.
Error: Could not insert connection between '96300' and '142955' after build.
Error: Could not insert connection between '96344' and '93953_rev' after build.
Error: Could not insert connection between '96478' and '94947_rev' after build.
Error: Could not insert connection between '96965' and '97116' after build.
Error: Could not insert connection between '96999' and '96344' after build.
Error: Could not insert connection between '97018' and '94642' after build.
Error: Could not insert connection between '97070' and '97407' after build.
Error: Could not insert connection between '97153_rev' and '96253' after build.
Error: Could not insert connection between '97403' and '96300' after build.
Warning: Found sharp turn with radius 7.74 at the start of edge '100076'.
Warning: Found sharp turn with radius 8.66 at the end of edge '100076'.
Warning: Found sharp turn with radius 8.66 at the start of edge '100076_rev'.
Warning: Found sharp turn with radius 7.74 at the end of edge '100076_rev'.
Warning: Found sharp turn with radius 8.97 at the start of edge '100133_rev'.
Warning: Found angle of 104.85 degrees at edge '100560', segment 15.
Warning: Found angle of 110.72 degrees at edge '101693', segment 18.
Warning: Found angle of 129.20 degrees at edge '105994', segment 5.
Warning: Found angle of 169.40 degrees at edge '165204', segment 26.
Warning: Found angle of 162.73 degrees at edge '165204', segment 27.
Warning: Shape for junction '1000' has distance 25.13 to its given position.
Warning: Shape for junction '12338' has distance 30.70 to its given position.
Warning: Shape for junction '12453' has distance 25.55 to its given position.
Warning: Shape for junction '1400' has distance 75.89 to its given position.
Warning: Shape for junction '15523' has distance 25.03 to its given position.
Warning: Edge '100' is not connected to outgoing edges at junction 'cluster_2497_495'.
Warning: Edge '100011' is not connected to outgoing edges at junction '6949'.
Warning: Edge '100011_rev' is not connected to outgoing edges at junction '6948'.
Warning: Lane '100012_0' is not connected from any incoming edge at junction '6949'.
Warning: Edge '100050' is not connected to outgoing edges at junction '4935'.
Warning: Edge '100050_rev' is not connected to outgoing edges at junction '4541'.
Warning: Lane '100058_rev_0' is not connected from any incoming edge at junction '4541'.
Warning: Lane '100058_rev_1' is not connected from any incoming edge at junction '4541'.
Warning: Lane '100076_0' is not connected from any incoming edge at junction '4545'.
Warning: Lane '100076_1' is not connected from any incoming edge at junction '4545'.
Warning: Speed of straight connection '101027_0->101028_0' reduced by 7.97 due to turning radius of 6.36 (length=13.62, angle=155.25).
Warning: Speed of straight connection '101027_0->101028_1' reduced by 9.47 due to turning radius of 3.55 (length=6.73, angle=155.25).
Warning: Speed of straight connection '102522_rev_0->102500_rev_0' reduced by 5.63 due to turning radius of 12.39 (length=2.17, angle=25.72).
Warning: Speed of straight connection '102618_rev_1->102611_rev_1' reduced by 5.22 due to turning radius of 13.67 (length=2.03, angle=24.05).
Warning: Speed of straight connection '102713_1->102612_1' reduced by 7.18 due to turning radius of 8.19 (length=3.31, angle=40.69).
Warning: Intersecting left turns at junction '10171' from lane '108026_1' and lane '107818_1' (increase junction radius to avoid this).
Warning: Intersecting left turns at junction '1021' from lane '4303_1' and lane '3807_1' (increase junction radius to avoid this).
Warning: Intersecting left turns at junction '10476' from lane '165140_rev_0' and lane '165134_1' (increase junction radius to avoid this).
Warning: Intersecting left turns at junction '10517' from lane '101333_1' and lane '101331_1' (increase junction radius to avoid this).
Warning: Intersecting left turns at junction '10698' from lane '101405_1' and lane '100750_rev_1' (increase junction radius to avoid this).
Warning: Connection '817_rev_0->5701_0' is only 0.09m short.
Warning: Connection '266654_0->274403_0' is only 0.07m short.
Warning: Connection '5334_0->3080_rev_0' is only 0.05m short.
Warning: Connection '60834_rev_0->275925_0' is only 0.09m short.
Warning: Connection '2548_rev_0->1258_0' is only 0.06m short.
Warning: Splitting vector close to end (pos: 12.13, length: 12.16)
Warning: 918 total messages of type: Ambiguity in turnarounds computation at junction '%'.
Warning: 6 total messages of type: Connection '%_%->%_%' is only %m short.
Warning: 3527 total messages of type: Edge '%' is not connected to outgoing edges at junction '%'.
Warning: 62 total messages of type: Found angle of % degrees at edge '%', segment %.
Warning: 1829 total messages of type: Found sharp turn with radius % at the % of edge '%'.
Warning: 732 total messages of type: Intersecting left turns at junction '%' from lane '%' and lane '%' (increase junction radius to avoid this).
Warning: 2015 total messages of type: Lane '%' is not connected from any incoming edge at junction '%'.
Warning: 21 total messages of type: Shape for junction '%' has distance % to its given position.
Warning: 2468 total messages of type: Speed of % connection '%' reduced by % due to turning radius of % (length=%, angle=%).
Quitting (on error).
