Success.
Warning: Ambiguity in turnarounds computation at junction '10122'.
Warning: Ambiguity in turnarounds computation at junction '10123'.
Warning: Ambiguity in turnarounds computation at junction '10124'.
Warning: Ambiguity in turnarounds computation at junction '10125'.
Warning: Ambiguity in turnarounds computation at junction '10126'.
Warning: Found sharp turn with radius 6.85 at the start of edge '1012'.
Warning: Found sharp turn with radius 7.18 at the end of edge '1012'.
Warning: Found sharp turn with radius 7.84 at the start of edge '102326'.
Warning: Found sharp turn with radius 7.83 at the start of edge '102384'.
Warning: Found sharp turn with radius 7.83 at the end of edge '102384_rev'.
Warning: Found angle of 100.01 degrees at edge '102649_rev', segment 14.
Warning: Found angle of 100.01 degrees at edge '102689', segment 12.
Warning: Found angle of 133.97 degrees at edge '103777', segment 11.
Warning: Found angle of 133.97 degrees at edge '103778_rev', segment 10.
Warning: Found angle of 129.20 degrees at edge '105994', segment 5.
Warning: Shape for junction '10741' has distance 34.73 to its given position.
Warning: Shape for junction '10763' has distance 41.83 to its given position.
Warning: Shape for junction '11231' has distance 22.32 to its given position.
Warning: Shape for junction '11631' has distance 59.17 to its given position.
Warning: Shape for junction '12655' has distance 29.96 to its given position.
Warning: Lane '102116_0' is not connected from any incoming edge at junction '2026'.
Warning: Lane '102136_0' is not connected from any incoming edge at junction '2116'.
Warning: Lane '102216_0' is not connected from any incoming edge at junction '5836'.
Warning: Lane '102224_rev_0' is not connected from any incoming edge at junction '4676'.
Warning: Lane '102229_0' is not connected from any incoming edge at junction '4678'.
Warning: Edge '105506' is not connected to outgoing edges at junction 'cluster_12683_14685_8477'.
Warning: Edge '58591' is not connected to outgoing edges at junction 'cluster_3695_3844_3845'.
Warning: Edge '93268' is not connected to outgoing edges at junction 'cluster_6396_6398_6399'.
Warning: Edge '9722' is not connected to outgoing edges at junction 'cluster_10887_10889_10897'.
Warning: Speed of straight connection '275605_0->275606_0' reduced by 5.10 due to turning radius of 14.05 (length=5.90, angle=40.53).
Warning: Intersecting left turns at junction '10062' from lane '5249_rev_0' and lane '2339_1' (increase junction radius to avoid this).
Warning: Intersecting left turns at junction '10062' from lane '5237_0' and lane '2339_1' (increase junction radius to avoid this).
Warning: Speed of straight connection '9781_0->9787_0' reduced by 7.88 due to turning radius of 6.56 (length=4.47, angle=59.39).
Warning: Speed of straight connection '9781_1->9787_1' reduced by 5.40 due to turning radius of 13.12 (length=6.08, angle=43.27).
Warning: Speed of straight connection '1344_rev_0->275506_0' reduced by 6.07 due to turning radius of 11.12 (length=13.68, angle=90.96).
Warning: Speed of straight connection '96609_0->93675_0' reduced by 6.88 due to turning radius of 42.79 (length=8.70, angle=26.88).
Warning: Intersecting left turns at junction '10418' from lane '112217_rev_1' and lane '112212_1' (increase junction radius to avoid this).
Warning: Intersecting left turns at junction '1043' from lane '2843_rev_1' and lane '1896_1' (increase junction radius to avoid this).
Warning: Intersecting left turns at junction '10944' from lane '3404_rev_0' and lane '1743_0' (increase junction radius to avoid this).
Warning: Connection '1355_rev_0->1355_0' is only 0.06m short.
Warning: Connection '5334_0->3080_rev_0' is only 0.05m short.
Warning: Connection '97337_rev_1->96569_1' is only 0.07m short.
Warning: Connection '96569_1->97337_rev_1' is only 0.06m short.
Warning: Connection '2548_rev_0->1258_0' is only 0.06m short.
Warning: 520 total messages of type: Ambiguity in turnarounds computation at junction '%'.
Warning: 6 total messages of type: Connection '%_%->%_%' is only %m short.
Warning: 32 total messages of type: Found angle of % degrees at edge '%', segment %.
Warning: 939 total messages of type: Found sharp turn with radius % at the % of edge '%'.
Warning: 479 total messages of type: Intersecting left turns at junction '%' from lane '%' and lane '%' (increase junction radius to avoid this).
Warning: 510 total messages of type: Lane '%' is not connected from any incoming edge at junction '%'.
Warning: 16 total messages of type: Shape for junction '%' has distance % to its given position.
Warning: 1218 total messages of type: Speed of % connection '%' reduced by % due to turning radius of % (length=%, angle=%).
