Warning: Ambiguity in turnarounds computation at junction '10170'.
Warning: Ambiguity in turnarounds computation at junction '10245'.
Warning: Ambiguity in turnarounds computation at junction '1043'.
Warning: Ambiguity in turnarounds computation at junction '105'.
Warning: Ambiguity in turnarounds computation at junction '10550'.
Warning: Found sharp turn with radius 7.84 at the start of edge '102326'.
Warning: Found sharp turn with radius 7.83 at the start of edge '102384'.
Warning: Found sharp turn with radius 7.83 at the end of edge '102384_rev'.
Warning: Found sharp turn with radius 7.13 at the start of edge '102387'.
Warning: Found sharp turn with radius 7.13 at the end of edge '102387_rev'.
Warning: Found angle of 100.01 degrees at edge '102649_rev', segment 14.
Warning: Found angle of 100.01 degrees at edge '102689', segment 12.
Warning: Found angle of 133.97 degrees at edge '103777', segment 11.
Warning: Found angle of 133.97 degrees at edge '103778_rev', segment 10.
Warning: Found angle of 129.20 degrees at edge '105994', segment 5.
Warning: Shape for junction '10763' has distance 41.83 to its given position.
Warning: Shape for junction '119' has distance 31.49 to its given position.
Warning: Shape for junction '12655' has distance 29.96 to its given position.
Warning: Shape for junction '12664' has distance 26.52 to its given position.
Warning: Shape for junction '12667' has distance 24.98 to its given position.
Warning: Lane '102116_0' is not connected from any incoming edge at junction '2026'.
Warning: Lane '102136_0' is not connected from any incoming edge at junction '2116'.
Warning: Lane '102216_0' is not connected from any incoming edge at junction '5836'.
Warning: Lane '102224_rev_0' is not connected from any incoming edge at junction '4676'.
Warning: Lane '102229_0' is not connected from any incoming edge at junction '4678'.
Warning: Edge '105506' is not connected to outgoing edges at junction 'cluster_12683_14685_8477'.
Warning: Speed of straight connection '275605_0->275606_0' reduced by 5.10 due to turning radius of 14.05 (length=5.90, angle=40.53).
Warning: Speed of straight connection '5325_0->279364_0' reduced by 7.57 due to turning radius of 7.27 (length=9.00, angle=94.69).
Warning: Speed of straight connection '5325_1->279364_1' reduced by 6.03 due to turning radius of 11.22 (length=14.50, angle=94.69).
Warning: Speed of straight connection '2724_0->279364_0' reduced by 5.83 due to turning radius of 11.81 (length=5.68, angle=44.60).
Warning: Speed of straight connection '106937_0->106735_0' reduced by 11.35 due to turning radius of 21.50 (length=9.05, angle=40.05).
Warning: Intersecting left turns at junction '1043' from lane '2843_rev_1' and lane '1896_1' (increase junction radius to avoid this).
Warning: Intersecting left turns at junction '10944' from lane '3404_rev_0' and lane '1743_0' (increase junction radius to avoid this).
Warning: Intersecting left turns at junction '1099' from lane '4978_rev_1' and lane '150955_1' (increase junction radius to avoid this).
Warning: Intersecting left turns at junction '1099' from lane '5720_rev_1' and lane '4977_1' (increase junction radius to avoid this).
Warning: Intersecting left turns at junction '11288' from lane '109893_2' and lane '105084_rev_1' (increase junction radius to avoid this).
Warning: Connection '1355_rev_0->1355_0' is only 0.06m short.
Warning: Connection '5334_0->3080_rev_0' is only 0.05m short.
Warning: Connection '2548_rev_0->1258_0' is only 0.06m short.
Warning: Unused state in tlLogic '1172', program '0' at tl-index 0
Warning: Unused state in tlLogic '11758', program '0' at tl-index 0
Warning: Unused state in tlLogic '11768', program '0' at tl-index 0
Warning: Unused state in tlLogic '119', program '0' at tl-index 1
Warning: Unused state in tlLogic '11935', program '0' at tl-index 0
Warning: 149 total messages of type: Ambiguity in turnarounds computation at junction '%'.
Warning: 8 total messages of type: Found angle of % degrees at edge '%', segment %.
Warning: 318 total messages of type: Found sharp turn with radius % at the % of edge '%'.
Warning: 218 total messages of type: Intersecting left turns at junction '%' from lane '%' and lane '%' (increase junction radius to avoid this).
Warning: 170 total messages of type: Lane '%' is not connected from any incoming edge at junction '%'.
Warning: 10 total messages of type: Shape for junction '%' has distance % to its given position.
Warning: 398 total messages of type: Speed of % connection '%' reduced by % due to turning radius of % (length=%, angle=%).
Warning: 38 total messages of type: Unused state in tlLogic '%', program '%' at tl-index %
Success.
