Error: Edge's 'bridge_960_GAP_5' to-node 'cluster_3899_4291' is not known.
Warning: Not joining junctions 10,1207,624 (7 incoming edges).
Warning: Not joining junctions 1000,999 (parallel incoming 8778,9759_rev).
Warning: Not joining junctions 10005,9994 (parallel incoming 164180,164181).
Warning: Not joining junctions 10002,10297 (parallel incoming 164178_rev,93262).
Warning: Not joining junctions 10004,10012 (parallel incoming 264642_rev,264643_rev).
Warning: Reducing junction cluster 1002,1003,13129,13200,13203,13204,3204,4357,6971,8397,cluster_2436_6989 (parallel incoming 110950_rev,9428).
Warning: Reducing junction cluster 10121,11278,11279,11282,12346,cluster_11280_11281 (parallel incoming 272646_rev,96049).
Warning: Reducing junction cluster 10159,10573,cluster_10164_10572 (parallel incoming 115754,275883).
Warning: Reducing junction cluster 10166,10171,10271,3241,3242,4401,8069 (7 incoming edges).
Warning: Reducing junction cluster 1019,1020,2093 (only 1 entry node).
Warning: Ambiguity in turnarounds computation at junction '10122'.
Warning: Ambiguity in turnarounds computation at junction '10123'.
Warning: Ambiguity in turnarounds computation at junction '10124'.
Warning: Ambiguity in turnarounds computation at junction '10125'.
Warning: Ambiguity in turnarounds computation at junction '10126'.
Warning: Found sharp turn with radius 6.85 at the start of edge '1012'.
Warning: Found sharp turn with radius 7.18 at the end of edge '1012'.
Warning: Found sharp turn with radius 7.84 at the start of edge '102326'.
Warning: Found sharp turn with radius 7.83 at the start of edge '102384'.
Warning: Found sharp turn with radius 7.83 at the end of edge '102384_rev'.
Warning: Found angle of 100.01 degrees at edge '102649_rev', segment 14.
Warning: Found angle of 100.01 degrees at edge '102689', segment 12.
Warning: Found angle of 133.97 degrees at edge '103777', segment 11.
Warning: Found angle of 133.97 degrees at edge '103778_rev', segment 10.
Warning: Found angle of 129.20 degrees at edge '105994', segment 5.
Warning: Shape for junction '10741' has distance 34.73 to its given position.
Warning: Shape for junction '10763' has distance 41.83 to its given position.
Warning: Shape for junction '11231' has distance 22.32 to its given position.
Warning: Shape for junction '11631' has distance 59.17 to its given position.
Warning: Shape for junction '12655' has distance 29.96 to its given position.
Warning: Lane '102116_0' is not connected from any incoming edge at junction '2026'.
Warning: Lane '102136_0' is not connected from any incoming edge at junction '2116'.
Warning: Lane '102216_0' is not connected from any incoming edge at junction '5836'.
Warning: Lane '102224_rev_0' is not connected from any incoming edge at junction '4676'.
Warning: Lane '102229_0' is not connected from any incoming edge at junction '4678'.
Warning: Edge '105506' is not connected to outgoing edges at junction 'cluster_12683_14685_8477'.
Warning: Edge '58591' is not connected to outgoing edges at junction 'cluster_3695_3844_3845'.
Warning: Edge '93268' is not connected to outgoing edges at junction 'cluster_6396_6398_6399'.
Warning: Edge '9722' is not connected to outgoing edges at junction 'cluster_10887_10889_10897'.
Warning: The traffic light '10912' does not control any links; it will not be build.
Warning: Could not build program '0' for traffic light '10912'
Warning: The traffic light '11322' does not control any links; it will not be build.
Warning: Could not build program '0' for traffic light '11322'
Warning: The traffic light '12546' does not control any links; it will not be build.
Warning: Could not build program '0' for traffic light '12546'
Warning: The traffic light '12676' does not control any links; it will not be build.
Warning: Could not build program '0' for traffic light '12676'
Warning: The traffic light '12872' does not control any links; it will not be build.
Warning: Could not build program '0' for traffic light '12872'
Warning: Speed of straight connection '275605_0->275606_0' reduced by 5.10 due to turning radius of 14.05 (length=5.90, angle=40.53).
Warning: Intersecting left turns at junction '10062' from lane '5249_rev_0' and lane '2339_1' (increase junction radius to avoid this).
Warning: Intersecting left turns at junction '10062' from lane '5237_0' and lane '2339_1' (increase junction radius to avoid this).
Warning: Speed of straight connection '9781_0->9787_0' reduced by 7.88 due to turning radius of 6.56 (length=4.47, angle=59.39).
Warning: Speed of straight connection '9781_1->9787_1' reduced by 5.40 due to turning radius of 13.12 (length=6.08, angle=43.27).
Warning: Speed of straight connection '1344_rev_0->275506_0' reduced by 6.07 due to turning radius of 11.12 (length=13.68, angle=90.96).
Warning: Speed of straight connection '96609_0->93675_0' reduced by 6.88 due to turning radius of 42.79 (length=8.70, angle=26.88).
Warning: Intersecting left turns at junction '10418' from lane '112217_rev_1' and lane '112212_1' (increase junction radius to avoid this).
Warning: Intersecting left turns at junction '10429' from lane '278379_rev_1' and lane '278378_1' (increase junction radius to avoid this).
Warning: Intersecting left turns at junction '1043' from lane '2843_rev_1' and lane '1896_1' (increase junction radius to avoid this).
Warning: Connection '3125_rev_0->3125_0' is only 0.04m short.
Warning: Connection '106816_rev_0->265786_0' is only 0.10m short.
Warning: Connection '5334_0->3080_rev_0' is only 0.05m short.
Warning: Connection '97337_rev_1->96569_1' is only 0.07m short.
Warning: Connection '96569_1->97337_rev_1' is only 0.06m short.
Warning: 517 total messages of type: Ambiguity in turnarounds computation at junction '%'.
Warning: 8 total messages of type: Connection '%_%->%_%' is only %m short.
Warning: 32 total messages of type: Could not build program '%' for traffic light '%'
Warning: 32 total messages of type: Found angle of % degrees at edge '%', segment %.
Warning: 940 total messages of type: Found sharp turn with radius % at the % of edge '%'.
Warning: 463 total messages of type: Intersecting left turns at junction '%' from lane '%' and lane '%' (increase junction radius to avoid this).
Warning: 520 total messages of type: Lane '%' is not connected from any incoming edge at junction '%'.
Warning: 1106 total messages of type: Not joining junctions % (%).
Warning: 111 total messages of type: Reducing junction cluster % (%).
Warning: 16 total messages of type: Shape for junction '%' has distance % to its given position.
Warning: 1235 total messages of type: Speed of % connection '%' reduced by % due to turning radius of % (length=%, angle=%).
Warning: 32 total messages of type: The traffic light '%' does not control any links; it will not be build.
Success.
