Loading net-file from 'sumo/config/../net/hk_irn_v3.net.xml' ... done (4982ms).
Loading additional-files from 'sumo/config/../additional/bus_stops.add.xml' ... done (2ms).
Loading done.
Warning: busStop 'B113E1371D5AC497' on lane '96522_1' is too short for vehicle 'flow_68X_inbound.0'.
Warning: busStop '0BFC5F7FC4A2D431' on lane '97070_0' is too short for vehicle 'flow_68X_outbound.0'.
Warning: busStop '447C1D79A10C83E2' for vehicle 'flow_68X_outbound.0' on lane '261287_rev_1' is not downstream the current route.
Warning: busStop '47A2AA98F8E20AE2' for vehicle 'flow_960_inbound.0' on lane '5291_0' is not downstream the current route.
Warning: busStop '13E0A0449C73F4DE' on lane '4833_0' is too short for vehicle 'flow_960_inbound.0'.
Warning: busStop '2B3A6C000BB085CD' for vehicle 'flow_960_inbound.0' on lane '95356_0' is not downstream the current route.
Warning: busStop '6AE148CA74FC4D53' on lane '94457_0' is too short for vehicle 'flow_960_inbound.0'.
Simulation version 1.20.0 started with time: 0.00.
Simulation ended at time: 253.00
Reason: Interrupted.
Performance: 
 Duration: 24.10s
 Real time factor: 10.4966
 UPS: 36386.964278
Vehicles: 
 Inserted: 28081 (Loaded: 58485)
 Running: 3912
 Waiting: 30403

DijkstraRouter answered 66726 queries and explored 1.00 edges on average.
DijkstraRouter spent 0.01s answering queries (0.00ms on average).
