Loading net-file from 'sumo/config/../net/hk_irn_v3.net.xml' ... 
Warning: Invalid longitude 825536.75
Warning: Failed to intialized projection 'UTM' based on origBoundary centered on '825536.75,824670.64'
done (4898ms).
Loading additional-files from 'sumo/config/../additional/bus_stops.add.xml' ... done (2ms).
Loading done.
Warning: busStop 'A2C36DF7152EE93F' on lane '96253_0' is too short for vehicle 'flow_68X_inbound.0'.
Warning: busStop 'B113E1371D5AC497' on lane '96522_1' is too short for vehicle 'flow_68X_inbound.0'.
Warning: busStop 'FFF1B4F48E111EAD' on lane '142955_0' is too short for vehicle 'flow_68X_inbound.0'.
Warning: busStop 'F61DB78CF72DB387' on lane '142955_0' is too short for vehicle 'flow_68X_outbound.0'.
Warning: busStop '0BFC5F7FC4A2D431' on lane '97070_0' is too short for vehicle 'flow_68X_outbound.0'.
Warning: busStop 'AB0F79ED382081D0' for vehicle 'flow_68X_outbound.0' on lane ':11698_0_0' is not downstream the current route.
Warning: busStop '447C1D79A10C83E2' for vehicle 'flow_68X_outbound.0' on lane '261287_rev_1' is not downstream the current route.
Warning: busStop '47A2AA98F8E20AE2' for vehicle 'flow_960_inbound.0' on lane '5291_0' is not downstream the current route.
Warning: busStop 'A81B13297DB1C481' on lane '115546_0' is too short for vehicle 'flow_960_inbound.0'.
Warning: busStop '13E0A0449C73F4DE' on lane '4833_0' is too short for vehicle 'flow_960_inbound.0'.
Warning: busStop '2B3A6C000BB085CD' for vehicle 'flow_960_inbound.0' on lane '95356_0' is not downstream the current route.
Warning: busStop '6AE148CA74FC4D53' on lane '94457_0' is too short for vehicle 'flow_960_inbound.0'.
Simulation version 1.20.0 started with time: 0.00.
Simulation ended at time: 187.00
Reason: Interrupted.
Performance: 
 Duration: 15.87s
 Real time factor: 11.7832
 UPS: 38968.367990
Vehicles: 
 Inserted: 20851 (Loaded: 43238)
 Running: 3891
 Waiting: 22386

DijkstraRouter answered 47510 queries and explored 1.00 edges on average.
DijkstraRouter spent 0.00s answering queries (0.00ms on average).
