Loading net-file from 'sumo/config/../net/hk_irn_v3.net.xml' ... done (5522ms).
Loading additional-files from 'sumo/config/../additional/bus_stops.add.xml' ... done (2ms).
Loading done.
Simulation version 1.20.0 started with time: 0.00.
Warning: Teleporting vehicle 'flow_68X_outbound.0'; waited too long (jam), lane=':14935_5_1', time=3231.00.
Warning: Vehicle 'flow_68X_outbound.0' skips stop on lane ':14935_5_0' time=3231.00.
Warning: Vehicle 'flow_68X_outbound.0' skips stop on lane ':14935_5_0' time=3231.00.
Warning: Vehicle 'flow_68X_outbound.0' ends teleporting on edge '96214_rev', time=3231.00.
Simulation ended at time: 3600.00
Reason: The final simulation step has been reached.
Performance: 
 Duration: 1305.50s
 Real time factor: 2.75756
 UPS: 10715.483723
Vehicles: 
 Inserted: 393889 (Loaded: 830782)
 Running: 3874
 Waiting: 436893
 Teleports: 1 (Jam: 1)

DijkstraRouter answered 1087383 queries and explored 1.00 edges on average.
DijkstraRouter spent 0.21s answering queries (0.00ms on average).
